<?xml version="1.0" encoding="UTF-8"?>
<testng-results skipped="0" failed="0" ignored="0" total="1" passed="1">
  <reporter-output>
  </reporter-output>
  <suite name="Suite" duration-ms="137505" started-at="2020-04-23T20:44:31 CDT" finished-at="2020-04-23T20:46:49 CDT">
    <groups>
      <group name="cucumber">
        <method signature="AbstractTestNGCucumberTests.feature(cucumber.api.testng.CucumberFeatureWrapper)[pri:0, instance:cucumberOptions.TestRunner@7fac631b]" name="feature" class="cucumber.api.testng.AbstractTestNGCucumberTests"/>
      </group> <!-- cucumber -->
    </groups>
    <test name="Test" duration-ms="137505" started-at="2020-04-23T20:44:31 CDT" finished-at="2020-04-23T20:46:49 CDT">
      <class name="cucumberOptions.TestRunner">
        <test-method status="PASS" signature="setUpClass()[pri:0, instance:cucumberOptions.TestRunner@7fac631b]" name="setUpClass" is-config="true" duration-ms="270" started-at="2020-04-23T20:44:31 CDT" finished-at="2020-04-23T20:44:31 CDT">
          <reporter-output>
          </reporter-output>
        </test-method> <!-- setUpClass -->
        <test-method status="PASS" signature="feature(cucumber.api.testng.CucumberFeatureWrapper)[pri:0, instance:cucumberOptions.TestRunner@7fac631b]" name="feature" duration-ms="137099" started-at="2020-04-23T20:44:31 CDT" description="Runs Cucumber Feature" data-provider="features" finished-at="2020-04-23T20:46:49 CDT">
          <params>
            <param index="0">
              <value>
                <![CDATA[Application Login]]>
              </value>
            </param>
          </params>
          <reporter-output>
          </reporter-output>
        </test-method> <!-- feature -->
        <test-method status="PASS" signature="tearDownClass()[pri:0, instance:cucumberOptions.TestRunner@7fac631b]" name="tearDownClass" is-config="true" duration-ms="3" started-at="2020-04-23T20:46:49 CDT" finished-at="2020-04-23T20:46:49 CDT">
          <reporter-output>
          </reporter-output>
        </test-method> <!-- tearDownClass -->
      </class> <!-- cucumberOptions.TestRunner -->
    </test> <!-- Test -->
  </suite> <!-- Suite -->
</testng-results>
